Using pre-set license
Built from '2020.3/staging' branch; Version is '2020.3.0f1 (c7b5465681fb) revision 13088070'; Using compiler version '192528614'; Build Type 'Release'
OS: 'Windows 10 Pro; OS build 19044.1826; Version 2009; 64bit' Language: 'vi' Physical Memory: 8061 MB
BatchMode: 1, IsHumanControllingUs: 0, StartBugReporterOnCrash: 0, Is64bit: 1, IsPro: 0

 COMMAND LINE ARGUMENTS:
C:\Program Files\Unity\Editor\Unity.exe
-adb2
-batchMode
-noUpm
-name
AssetImportWorker0
-projectPath
E:/unity game/pvz/bong lan
-logFile
Logs/AssetImportWorker0.log
-srvPort
58768
Successfully changed project path to: E:/unity game/pvz/bong lan
E:/unity game/pvz/bong lan
Using Asset Import Pipeline V2.
Refreshing native plugins compatible for Editor in 53.36 ms, found 1 plugins.
Preloading 0 native plugins for Editor in 0.00 ms.
Initialize engine version: 2020.3.0f1 (c7b5465681fb)
[Subsystems] Discovering subsystems at path C:/Program Files/Unity/Editor/Data/Resources/UnitySubsystems
[Subsystems] Discovering subsystems at path E:/unity game/pvz/bong lan/Assets
GfxDevice: creating device client; threaded=0
Direct3D:
    Version:  Direct3D 11.0 [level 11.0]
    Renderer: Intel(R) HD Graphics 4000 (ID=0x166)
    Vendor:   
    VRAM:     128 MB
    Driver:   10.18.10.4252
Initialize mono
Mono path[0] = 'C:/Program Files/Unity/Editor/Data/Managed'
Mono path[1] = 'C:/Program Files/Unity/Editor/Data/MonoBleedingEdge/lib/mono/unityjit'
Mono config path = 'C:/Program Files/Unity/Editor/Data/MonoBleedingEdge/etc'
Using monoOptions --debugger-agent=transport=dt_socket,embedding=1,server=y,suspend=n,address=127.0.0.1:56592
Begin MonoManager ReloadAssembly
Registering precompiled unity dll's ...
Register platform support module: C:/Program Files/Unity/Editor/Data/PlaybackEngines/WindowsStandaloneSupport/UnityEditor.WindowsStandalone.Extensions.dll
Registered in 0.002719 seconds.
Native extension for WindowsStandalone target not found
Refreshing native plugins compatible for Editor in 54.53 ms, found 1 plugins.
Preloading 0 native plugins for Editor in 0.00 ms.
Invoked RoslynAnalysisRunner static constructor.
RoslynAnalysisRunner will not be running.
RoslynAnalysisRunner has terminated.
Mono: successfully reloaded assembly
- Completed reload, in  1.500 seconds
Platform modules already initialized, skipping
Registering precompiled user dll's ...
Registered in 0.001012 seconds.
Begin MonoManager ReloadAssembly
Native extension for WindowsStandalone target not found
Refreshing native plugins compatible for Editor in 57.25 ms, found 1 plugins.
Preloading 0 native plugins for Editor in 0.00 ms.
Invoked RoslynAnalysisRunner static constructor.
RoslynAnalysisRunner will not be running.
RoslynAnalysisRunner has terminated.
Mono: successfully reloaded assembly
- Completed reload, in  1.419 seconds
Platform modules already initialized, skipping
========================================================================
Worker process is ready to serve import requests
Launched and connected shader compiler UnityShaderCompiler.exe after 0.11 seconds
Refreshing native plugins compatible for Editor in 0.68 ms, found 1 plugins.
Preloading 0 native plugins for Editor in 0.00 ms.
Unloading 1806 Unused Serialized files (Serialized files now loaded: 0)
System memory in use before: 84.5 MB.
System memory in use after: 84.4 MB.

Unloading 24 unused Assets to reduce memory usage. Loaded Objects now: 2248.
Total: 2.764000 ms (FindLiveObjects: 0.226100 ms CreateObjectMapping: 0.085900 ms MarkObjects: 2.262300 ms  DeleteObjects: 0.188000 ms)

========================================================================
Received Import Request.
  path: Assets
  artifactKey: Guid(00000000000000001000000000000000) Importer(815301076,1909f56bfc062723c751e8b465ee728b)
Start importing Assets using Guid(00000000000000001000000000000000) Importer(815301076,1909f56bfc062723c751e8b465ee728b)  -> (artifact id: '42baae205c97e3337697759514652acd') in 0.011082 seconds
  Import took 0.032044 seconds .

========================================================================
Received Import Request.
  Time since last request: 1.939793 seconds.
  path: Assets/script
  artifactKey: Guid(955d47928156647418fcf7fab8790bc5) Importer(815301076,1909f56bfc062723c751e8b465ee728b)
Start importing Assets/script using Guid(955d47928156647418fcf7fab8790bc5) Importer(815301076,1909f56bfc062723c751e8b465ee728b)  -> (artifact id: '3283b91f5c54a0b61d8d27102b873d7a') in 0.014175 seconds
  Import took 0.047995 seconds .

========================================================================
Received Import Request.
  Time since last request: 14.028831 seconds.
  path: Assets/fefap
  artifactKey: Guid(8c27882c36e25c94a9141f84023755ce) Importer(815301076,1909f56bfc062723c751e8b465ee728b)
Start importing Assets/fefap using Guid(8c27882c36e25c94a9141f84023755ce) Importer(815301076,1909f56bfc062723c751e8b465ee728b)  -> (artifact id: 'fac85d11c59b6bae5d1af76c532ac465') in 0.011048 seconds
  Import took 0.037014 seconds .

========================================================================
Received Import Request.
  Time since last request: 19.374726 seconds.
  path: Assets/prefap
  artifactKey: Guid(8c27882c36e25c94a9141f84023755ce) Importer(815301076,1909f56bfc062723c751e8b465ee728b)
Start importing Assets/prefap using Guid(8c27882c36e25c94a9141f84023755ce) Importer(815301076,1909f56bfc062723c751e8b465ee728b)  -> (artifact id: '1f6a57918ced75f8d2d4efaf1b711f6b') in 0.010919 seconds
  Import took 0.034417 seconds .

========================================================================
Received Import Request.
  Time since last request: 106.428304 seconds.
  path: Assets/script/ball_move.cs
  artifactKey: Guid(d95e2279c6fefd34ebe21e3a6c47238f) Importer(815301076,1909f56bfc062723c751e8b465ee728b)
Start importing Assets/script/ball_move.cs using Guid(d95e2279c6fefd34ebe21e3a6c47238f) Importer(815301076,1909f56bfc062723c751e8b465ee728b)  -> (artifact id: 'bc64cd51e776b20e66f1a2eca0a2a73c') in 0.104770 seconds
  Import took 0.123720 seconds .

========================================================================
Received Prepare
Registering precompiled user dll's ...
Registered in 0.001734 seconds.
Begin MonoManager ReloadAssembly
Native extension for WindowsStandalone target not found
Refreshing native plugins compatible for Editor in 0.46 ms, found 1 plugins.
Preloading 0 native plugins for Editor in 0.00 ms.
Invoked RoslynAnalysisRunner static constructor.
RoslynAnalysisRunner will not be running.
RoslynAnalysisRunner has terminated.
Mono: successfully reloaded assembly
- Completed reload, in  2.098 seconds
Platform modules already initialized, skipping
Refreshing native plugins compatible for Editor in 0.72 ms, found 1 plugins.
Preloading 0 native plugins for Editor in 0.00 ms.
Unloading 1802 Unused Serialized files (Serialized files now loaded: 0)
System memory in use before: 84.5 MB.
System memory in use after: 84.5 MB.

Unloading 12 unused Assets to reduce memory usage. Loaded Objects now: 2253.
Total: 3.042200 ms (FindLiveObjects: 0.225100 ms CreateObjectMapping: 0.084500 ms MarkObjects: 2.564700 ms  DeleteObjects: 0.165600 ms)

========================================================================
Received Prepare
Registering precompiled user dll's ...
Registered in 0.001502 seconds.
Begin MonoManager ReloadAssembly
Native extension for WindowsStandalone target not found
Refreshing native plugins compatible for Editor in 0.46 ms, found 1 plugins.
Preloading 0 native plugins for Editor in 0.00 ms.
Invoked RoslynAnalysisRunner static constructor.
RoslynAnalysisRunner will not be running.
RoslynAnalysisRunner has terminated.
Mono: successfully reloaded assembly
- Completed reload, in  1.339 seconds
Platform modules already initialized, skipping
Refreshing native plugins compatible for Editor in 0.83 ms, found 1 plugins.
Preloading 0 native plugins for Editor in 0.00 ms.
Unloading 1802 Unused Serialized files (Serialized files now loaded: 0)
System memory in use before: 84.6 MB.
System memory in use after: 84.5 MB.

Unloading 12 unused Assets to reduce memory usage. Loaded Objects now: 2257.
Total: 2.518100 ms (FindLiveObjects: 0.208400 ms CreateObjectMapping: 0.088200 ms MarkObjects: 2.060300 ms  DeleteObjects: 0.159600 ms)

========================================================================
Received Prepare
Registering precompiled user dll's ...
Registered in 0.001038 seconds.
Begin MonoManager ReloadAssembly
Native extension for WindowsStandalone target not found
Refreshing native plugins compatible for Editor in 0.49 ms, found 1 plugins.
Preloading 0 native plugins for Editor in 0.00 ms.
Invoked RoslynAnalysisRunner static constructor.
RoslynAnalysisRunner will not be running.
RoslynAnalysisRunner has terminated.
Mono: successfully reloaded assembly
- Completed reload, in  1.623 seconds
Platform modules already initialized, skipping
Refreshing native plugins compatible for Editor in 1.05 ms, found 1 plugins.
Preloading 0 native plugins for Editor in 0.00 ms.
Unloading 1802 Unused Serialized files (Serialized files now loaded: 0)
System memory in use before: 84.6 MB.
System memory in use after: 84.6 MB.

Unloading 12 unused Assets to reduce memory usage. Loaded Objects now: 2261.
Total: 2.703000 ms (FindLiveObjects: 0.356200 ms CreateObjectMapping: 0.086800 ms MarkObjects: 2.062400 ms  DeleteObjects: 0.195300 ms)

========================================================================
Received Import Request.
  Time since last request: 452.049750 seconds.
  path: Assets/script/ball_move.cs
  artifactKey: Guid(d95e2279c6fefd34ebe21e3a6c47238f) Importer(815301076,1909f56bfc062723c751e8b465ee728b)
Start importing Assets/script/ball_move.cs using Guid(d95e2279c6fefd34ebe21e3a6c47238f) Importer(815301076,1909f56bfc062723c751e8b465ee728b)  -> (artifact id: '3eb14edbbd2479ba25048c48e8828601') in 0.005972 seconds
  Import took 0.022239 seconds .

========================================================================
Received Prepare
Registering precompiled user dll's ...
Registered in 0.001039 seconds.
Begin MonoManager ReloadAssembly
Native extension for WindowsStandalone target not found
Refreshing native plugins compatible for Editor in 0.46 ms, found 1 plugins.
Preloading 0 native plugins for Editor in 0.00 ms.
Invoked RoslynAnalysisRunner static constructor.
RoslynAnalysisRunner will not be running.
RoslynAnalysisRunner has terminated.
Mono: successfully reloaded assembly
- Completed reload, in  1.193 seconds
Platform modules already initialized, skipping
Refreshing native plugins compatible for Editor in 0.82 ms, found 1 plugins.
Preloading 0 native plugins for Editor in 0.00 ms.
Unloading 1802 Unused Serialized files (Serialized files now loaded: 0)
System memory in use before: 84.6 MB.
System memory in use after: 84.6 MB.

Unloading 12 unused Assets to reduce memory usage. Loaded Objects now: 2265.
Total: 2.507300 ms (FindLiveObjects: 0.207100 ms CreateObjectMapping: 0.099500 ms MarkObjects: 2.034400 ms  DeleteObjects: 0.164400 ms)

========================================================================
Received Prepare
Registering precompiled user dll's ...
Registered in 0.001082 seconds.
Begin MonoManager ReloadAssembly
Native extension for WindowsStandalone target not found
Refreshing native plugins compatible for Editor in 0.46 ms, found 1 plugins.
Preloading 0 native plugins for Editor in 0.00 ms.
Invoked RoslynAnalysisRunner static constructor.
RoslynAnalysisRunner will not be running.
RoslynAnalysisRunner has terminated.
Mono: successfully reloaded assembly
- Completed reload, in  1.486 seconds
Platform modules already initialized, skipping
Refreshing native plugins compatible for Editor in 0.94 ms, found 1 plugins.
Preloading 0 native plugins for Editor in 0.00 ms.
Unloading 1802 Unused Serialized files (Serialized files now loaded: 0)
System memory in use before: 84.6 MB.
System memory in use after: 84.6 MB.

Unloading 12 unused Assets to reduce memory usage. Loaded Objects now: 2269.
Total: 2.942400 ms (FindLiveObjects: 0.362700 ms CreateObjectMapping: 0.106700 ms MarkObjects: 2.304700 ms  DeleteObjects: 0.166100 ms)

========================================================================
Received Prepare
Registering precompiled user dll's ...
Registered in 0.001034 seconds.
Begin MonoManager ReloadAssembly
Native extension for WindowsStandalone target not found
Refreshing native plugins compatible for Editor in 0.74 ms, found 1 plugins.
Preloading 0 native plugins for Editor in 0.00 ms.
Invoked RoslynAnalysisRunner static constructor.
RoslynAnalysisRunner will not be running.
RoslynAnalysisRunner has terminated.
Mono: successfully reloaded assembly
- Completed reload, in  1.408 seconds
Platform modules already initialized, skipping
Refreshing native plugins compatible for Editor in 0.71 ms, found 1 plugins.
Preloading 0 native plugins for Editor in 0.00 ms.
Unloading 1802 Unused Serialized files (Serialized files now loaded: 0)
System memory in use before: 84.6 MB.
System memory in use after: 84.6 MB.

Unloading 12 unused Assets to reduce memory usage. Loaded Objects now: 2273.
Total: 2.425600 ms (FindLiveObjects: 0.206200 ms CreateObjectMapping: 0.084200 ms MarkObjects: 1.974800 ms  DeleteObjects: 0.158700 ms)

========================================================================
Received Prepare
Registering precompiled user dll's ...
Registered in 0.001620 seconds.
Begin MonoManager ReloadAssembly
Native extension for WindowsStandalone target not found
Refreshing native plugins compatible for Editor in 0.74 ms, found 1 plugins.
Preloading 0 native plugins for Editor in 0.00 ms.
Invoked RoslynAnalysisRunner static constructor.
RoslynAnalysisRunner will not be running.
RoslynAnalysisRunner has terminated.
Mono: successfully reloaded assembly
- Completed reload, in  2.931 seconds
Platform modules already initialized, skipping
Refreshing native plugins compatible for Editor in 0.72 ms, found 1 plugins.
Preloading 0 native plugins for Editor in 0.00 ms.
Unloading 1803 Unused Serialized files (Serialized files now loaded: 0)
System memory in use before: 84.7 MB.
System memory in use after: 84.6 MB.

Unloading 12 unused Assets to reduce memory usage. Loaded Objects now: 2278.
Total: 4.211700 ms (FindLiveObjects: 0.404700 ms CreateObjectMapping: 0.110700 ms MarkObjects: 3.414900 ms  DeleteObjects: 0.278200 ms)

========================================================================
Received Prepare
Registering precompiled user dll's ...
Registered in 0.001877 seconds.
Begin MonoManager ReloadAssembly
Native extension for WindowsStandalone target not found
Refreshing native plugins compatible for Editor in 0.73 ms, found 1 plugins.
Preloading 0 native plugins for Editor in 0.00 ms.
Invoked RoslynAnalysisRunner static constructor.
RoslynAnalysisRunner will not be running.
RoslynAnalysisRunner has terminated.
Mono: successfully reloaded assembly
- Completed reload, in  1.376 seconds
Platform modules already initialized, skipping
Refreshing native plugins compatible for Editor in 0.79 ms, found 1 plugins.
Preloading 0 native plugins for Editor in 0.00 ms.
Unloading 1803 Unused Serialized files (Serialized files now loaded: 0)
System memory in use before: 84.7 MB.
System memory in use after: 84.7 MB.

Unloading 12 unused Assets to reduce memory usage. Loaded Objects now: 2282.
Total: 2.717900 ms (FindLiveObjects: 0.204400 ms CreateObjectMapping: 0.088800 ms MarkObjects: 2.262800 ms  DeleteObjects: 0.159900 ms)

========================================================================
Received Import Request.
  Time since last request: 481.968870 seconds.
  path: Assets/script/spawn.cs
  artifactKey: Guid(2cf7aa8aa1b65ae48b21fb2af3a0638c) Importer(815301076,1909f56bfc062723c751e8b465ee728b)
Start importing Assets/script/spawn.cs using Guid(2cf7aa8aa1b65ae48b21fb2af3a0638c) Importer(815301076,1909f56bfc062723c751e8b465ee728b)  -> (artifact id: 'dd3c598fcadf54ccf5307ade85eb494a') in 0.010973 seconds
  Import took 0.085394 seconds .

========================================================================
Received Import Request.
  Time since last request: 175.164793 seconds.
  path: Assets/prefap/floor.prefab
  artifactKey: Guid(c0e74b2bba519bb47aaf66ef74f2ff23) Importer(815301076,1909f56bfc062723c751e8b465ee728b)
Start importing Assets/prefap/floor.prefab using Guid(c0e74b2bba519bb47aaf66ef74f2ff23) Importer(815301076,1909f56bfc062723c751e8b465ee728b)  -> (artifact id: '344736253b950e73230a2f69b92b6c4a') in 0.063843 seconds
  Import took 0.069228 seconds .

========================================================================
Received Import Request.
  Time since last request: 3.611853 seconds.
  path: Assets/prefap/floor.prefab
  artifactKey: Guid(c0e74b2bba519bb47aaf66ef74f2ff23) Importer(815301076,1909f56bfc062723c751e8b465ee728b)
Start importing Assets/prefap/floor.prefab using Guid(c0e74b2bba519bb47aaf66ef74f2ff23) Importer(815301076,1909f56bfc062723c751e8b465ee728b)  -> (artifact id: 'fe646315189c0056895b48c7d760d7aa') in 0.171602 seconds
  Import took 0.177552 seconds .

========================================================================
Received Prepare
Registering precompiled user dll's ...
Registered in 0.001095 seconds.
Begin MonoManager ReloadAssembly
Native extension for WindowsStandalone target not found
Refreshing native plugins compatible for Editor in 0.78 ms, found 1 plugins.
Preloading 0 native plugins for Editor in 0.00 ms.
Invoked RoslynAnalysisRunner static constructor.
RoslynAnalysisRunner will not be running.
RoslynAnalysisRunner has terminated.
Mono: successfully reloaded assembly
- Completed reload, in  1.803 seconds
Platform modules already initialized, skipping
Refreshing native plugins compatible for Editor in 0.71 ms, found 1 plugins.
Preloading 0 native plugins for Editor in 0.00 ms.
Unloading 1803 Unused Serialized files (Serialized files now loaded: 0)
System memory in use before: 87.8 MB.
System memory in use after: 87.8 MB.

Unloading 12 unused Assets to reduce memory usage. Loaded Objects now: 2293.
Total: 4.102300 ms (FindLiveObjects: 0.378000 ms CreateObjectMapping: 0.107700 ms MarkObjects: 3.368600 ms  DeleteObjects: 0.245000 ms)

========================================================================
Received Import Request.
  Time since last request: 109.498087 seconds.
  path: Assets/script/spawn.cs
  artifactKey: Guid(2cf7aa8aa1b65ae48b21fb2af3a0638c) Importer(815301076,1909f56bfc062723c751e8b465ee728b)
Start importing Assets/script/spawn.cs using Guid(2cf7aa8aa1b65ae48b21fb2af3a0638c) Importer(815301076,1909f56bfc062723c751e8b465ee728b)  -> (artifact id: '295a40082c6d0787a6e0ebf8cf707fc9') in 0.007029 seconds
  Import took 0.031391 seconds .

========================================================================
Received Prepare
Registering precompiled user dll's ...
Registered in 0.003090 seconds.
Begin MonoManager ReloadAssembly
Native extension for WindowsStandalone target not found
Refreshing native plugins compatible for Editor in 0.48 ms, found 1 plugins.
Preloading 0 native plugins for Editor in 0.00 ms.
Invoked RoslynAnalysisRunner static constructor.
RoslynAnalysisRunner will not be running.
RoslynAnalysisRunner has terminated.
Mono: successfully reloaded assembly
- Completed reload, in  1.290 seconds
Platform modules already initialized, skipping
Refreshing native plugins compatible for Editor in 0.70 ms, found 1 plugins.
Preloading 0 native plugins for Editor in 0.00 ms.
Unloading 1803 Unused Serialized files (Serialized files now loaded: 0)
System memory in use before: 87.8 MB.
System memory in use after: 87.8 MB.

Unloading 12 unused Assets to reduce memory usage. Loaded Objects now: 2297.
Total: 2.638900 ms (FindLiveObjects: 0.334500 ms CreateObjectMapping: 0.083700 ms MarkObjects: 2.061000 ms  DeleteObjects: 0.158100 ms)

========================================================================
Received Import Request.
  Time since last request: 27.195525 seconds.
  path: Assets/script/spawn.cs
  artifactKey: Guid(2cf7aa8aa1b65ae48b21fb2af3a0638c) Importer(815301076,1909f56bfc062723c751e8b465ee728b)
Start importing Assets/script/spawn.cs using Guid(2cf7aa8aa1b65ae48b21fb2af3a0638c) Importer(815301076,1909f56bfc062723c751e8b465ee728b)  -> (artifact id: '0469b24386a2b6bf665b4fe880c63372') in 0.005974 seconds
  Import took 0.050939 seconds .

========================================================================
Received Prepare
Registering precompiled user dll's ...
Registered in 0.001377 seconds.
Begin MonoManager ReloadAssembly
Native extension for WindowsStandalone target not found
Refreshing native plugins compatible for Editor in 0.48 ms, found 1 plugins.
Preloading 0 native plugins for Editor in 0.00 ms.
Invoked RoslynAnalysisRunner static constructor.
RoslynAnalysisRunner will not be running.
RoslynAnalysisRunner has terminated.
Mono: successfully reloaded assembly
- Completed reload, in  1.310 seconds
Platform modules already initialized, skipping
Refreshing native plugins compatible for Editor in 0.73 ms, found 1 plugins.
Preloading 0 native plugins for Editor in 0.00 ms.
Unloading 1803 Unused Serialized files (Serialized files now loaded: 0)
System memory in use before: 87.8 MB.
System memory in use after: 87.8 MB.

Unloading 12 unused Assets to reduce memory usage. Loaded Objects now: 2301.
Total: 2.891900 ms (FindLiveObjects: 0.295900 ms CreateObjectMapping: 0.087100 ms MarkObjects: 2.337900 ms  DeleteObjects: 0.168700 ms)

========================================================================
Received Import Request.
  Time since last request: 101.336029 seconds.
  path: Assets/script/spawn.cs
  artifactKey: Guid(2cf7aa8aa1b65ae48b21fb2af3a0638c) Importer(815301076,1909f56bfc062723c751e8b465ee728b)
Start importing Assets/script/spawn.cs using Guid(2cf7aa8aa1b65ae48b21fb2af3a0638c) Importer(815301076,1909f56bfc062723c751e8b465ee728b)  -> (artifact id: '173fbc206bd1180f7fd5a75c96b202ec') in 0.005932 seconds
  Import took 0.009794 seconds .

========================================================================
Received Import Request.
  Time since last request: 33.321529 seconds.
  path: Assets/script/FloorMove.cs
  artifactKey: Guid(44ad89a1c7932b247b69336bfc7bd6c1) Importer(815301076,1909f56bfc062723c751e8b465ee728b)
Start importing Assets/script/FloorMove.cs using Guid(44ad89a1c7932b247b69336bfc7bd6c1) Importer(815301076,1909f56bfc062723c751e8b465ee728b)  -> (artifact id: 'e58bf8d3c213d6acad003237d037d4c3') in 0.033466 seconds
  Import took 0.076906 seconds .

========================================================================
Received Prepare
Registering precompiled user dll's ...
Registered in 0.001518 seconds.
Begin MonoManager ReloadAssembly
Native extension for WindowsStandalone target not found
Refreshing native plugins compatible for Editor in 0.45 ms, found 1 plugins.
Preloading 0 native plugins for Editor in 0.00 ms.
Invoked RoslynAnalysisRunner static constructor.
RoslynAnalysisRunner will not be running.
RoslynAnalysisRunner has terminated.
Mono: successfully reloaded assembly
- Completed reload, in  1.628 seconds
Platform modules already initialized, skipping
Refreshing native plugins compatible for Editor in 0.75 ms, found 1 plugins.
Preloading 0 native plugins for Editor in 0.00 ms.
Unloading 1804 Unused Serialized files (Serialized files now loaded: 0)
System memory in use before: 87.8 MB.
System memory in use after: 87.8 MB.

Unloading 12 unused Assets to reduce memory usage. Loaded Objects now: 2306.
Total: 3.853800 ms (FindLiveObjects: 0.212600 ms CreateObjectMapping: 0.086100 ms MarkObjects: 2.889300 ms  DeleteObjects: 0.663200 ms)

========================================================================
Received Prepare
Registering precompiled user dll's ...
Registered in 0.001404 seconds.
Begin MonoManager ReloadAssembly
Native extension for WindowsStandalone target not found
Refreshing native plugins compatible for Editor in 0.47 ms, found 1 plugins.
Preloading 0 native plugins for Editor in 0.00 ms.
Invoked RoslynAnalysisRunner static constructor.
RoslynAnalysisRunner will not be running.
RoslynAnalysisRunner has terminated.
Mono: successfully reloaded assembly
- Completed reload, in  1.533 seconds
Platform modules already initialized, skipping
Refreshing native plugins compatible for Editor in 1.19 ms, found 1 plugins.
Preloading 0 native plugins for Editor in 0.00 ms.
Unloading 1804 Unused Serialized files (Serialized files now loaded: 0)
System memory in use before: 87.8 MB.
System memory in use after: 87.8 MB.

Unloading 12 unused Assets to reduce memory usage. Loaded Objects now: 2310.
Total: 2.791900 ms (FindLiveObjects: 0.365100 ms CreateObjectMapping: 0.102000 ms MarkObjects: 2.133700 ms  DeleteObjects: 0.189000 ms)

========================================================================
Received Import Request.
  Time since last request: 131.019942 seconds.
  path: Assets/script/FloorMove.cs
  artifactKey: Guid(44ad89a1c7932b247b69336bfc7bd6c1) Importer(815301076,1909f56bfc062723c751e8b465ee728b)
Start importing Assets/script/FloorMove.cs using Guid(44ad89a1c7932b247b69336bfc7bd6c1) Importer(815301076,1909f56bfc062723c751e8b465ee728b)  -> (artifact id: '9de5f59acc15c98096ad9ee01012a171') in 0.008164 seconds
  Import took 0.052311 seconds .

========================================================================
Received Import Request.
  Time since last request: 5.398284 seconds.
  path: Assets/prefap/floor.prefab
  artifactKey: Guid(c0e74b2bba519bb47aaf66ef74f2ff23) Importer(815301076,1909f56bfc062723c751e8b465ee728b)
Start importing Assets/prefap/floor.prefab using Guid(c0e74b2bba519bb47aaf66ef74f2ff23) Importer(815301076,1909f56bfc062723c751e8b465ee728b)  -> (artifact id: '51ea12e83d56ce01cb66128954b9592a') in 0.207662 seconds
  Import took 0.213192 seconds .

========================================================================
Received Prepare
Registering precompiled user dll's ...
Registered in 0.001623 seconds.
Begin MonoManager ReloadAssembly
Native extension for WindowsStandalone target not found
Refreshing native plugins compatible for Editor in 0.46 ms, found 1 plugins.
Preloading 0 native plugins for Editor in 0.00 ms.
Invoked RoslynAnalysisRunner static constructor.
RoslynAnalysisRunner will not be running.
RoslynAnalysisRunner has terminated.
Mono: successfully reloaded assembly
- Completed reload, in  1.380 seconds
Platform modules already initialized, skipping
Refreshing native plugins compatible for Editor in 0.71 ms, found 1 plugins.
Preloading 0 native plugins for Editor in 0.00 ms.
Unloading 1804 Unused Serialized files (Serialized files now loaded: 0)
System memory in use before: 87.9 MB.
System memory in use after: 87.8 MB.

Unloading 12 unused Assets to reduce memory usage. Loaded Objects now: 2315.
Total: 2.707800 ms (FindLiveObjects: 0.220000 ms CreateObjectMapping: 0.088000 ms MarkObjects: 2.235700 ms  DeleteObjects: 0.162400 ms)

========================================================================
Received Prepare
Registering precompiled user dll's ...
Registered in 0.001379 seconds.
Begin MonoManager ReloadAssembly
Native extension for WindowsStandalone target not found
Refreshing native plugins compatible for Editor in 0.73 ms, found 1 plugins.
Preloading 0 native plugins for Editor in 0.00 ms.
Invoked RoslynAnalysisRunner static constructor.
RoslynAnalysisRunner will not be running.
RoslynAnalysisRunner has terminated.
Mono: successfully reloaded assembly
- Completed reload, in  2.127 seconds
Platform modules already initialized, skipping
Refreshing native plugins compatible for Editor in 0.75 ms, found 1 plugins.
Preloading 0 native plugins for Editor in 0.00 ms.
Unloading 1805 Unused Serialized files (Serialized files now loaded: 0)
System memory in use before: 87.9 MB.
System memory in use after: 87.9 MB.

Unloading 12 unused Assets to reduce memory usage. Loaded Objects now: 2320.
Total: 4.816900 ms (FindLiveObjects: 0.606100 ms CreateObjectMapping: 0.193400 ms MarkObjects: 3.791000 ms  DeleteObjects: 0.223300 ms)

========================================================================
Received Prepare
Registering precompiled user dll's ...
Registered in 0.001242 seconds.
Begin MonoManager ReloadAssembly
Native extension for WindowsStandalone target not found
Refreshing native plugins compatible for Editor in 0.47 ms, found 1 plugins.
Preloading 0 native plugins for Editor in 0.00 ms.
Invoked RoslynAnalysisRunner static constructor.
RoslynAnalysisRunner will not be running.
RoslynAnalysisRunner has terminated.
Mono: successfully reloaded assembly
- Completed reload, in  1.559 seconds
Platform modules already initialized, skipping
Refreshing native plugins compatible for Editor in 0.76 ms, found 1 plugins.
Preloading 0 native plugins for Editor in 0.00 ms.
Unloading 1805 Unused Serialized files (Serialized files now loaded: 0)
System memory in use before: 87.9 MB.
System memory in use after: 87.9 MB.

Unloading 12 unused Assets to reduce memory usage. Loaded Objects now: 2324.
Total: 2.771900 ms (FindLiveObjects: 0.210600 ms CreateObjectMapping: 0.110400 ms MarkObjects: 2.261900 ms  DeleteObjects: 0.186900 ms)

========================================================================
Received Import Request.
  Time since last request: 98.873720 seconds.
  path: Assets/script/GameManager.cs
  artifactKey: Guid(625b26d1b2aead944916ab8b9a229fa2) Importer(815301076,1909f56bfc062723c751e8b465ee728b)
Start importing Assets/script/GameManager.cs using Guid(625b26d1b2aead944916ab8b9a229fa2) Importer(815301076,1909f56bfc062723c751e8b465ee728b)  -> (artifact id: '8db0b8bb154de29950cb21901e163f97') in 0.013813 seconds
  Import took 0.051444 seconds .

========================================================================
Received Prepare
Registering precompiled user dll's ...
Registered in 0.001769 seconds.
Begin MonoManager ReloadAssembly
Native extension for WindowsStandalone target not found
Refreshing native plugins compatible for Editor in 0.46 ms, found 1 plugins.
Preloading 0 native plugins for Editor in 0.00 ms.
Invoked RoslynAnalysisRunner static constructor.
RoslynAnalysisRunner will not be running.
RoslynAnalysisRunner has terminated.
Mono: successfully reloaded assembly
- Completed reload, in  1.306 seconds
Platform modules already initialized, skipping
Refreshing native plugins compatible for Editor in 0.98 ms, found 1 plugins.
Preloading 0 native plugins for Editor in 0.00 ms.
Unloading 1805 Unused Serialized files (Serialized files now loaded: 0)
System memory in use before: 87.9 MB.
System memory in use after: 87.9 MB.

Unloading 12 unused Assets to reduce memory usage. Loaded Objects now: 2328.
Total: 2.468900 ms (FindLiveObjects: 0.213900 ms CreateObjectMapping: 0.083600 ms MarkObjects: 2.011300 ms  DeleteObjects: 0.158700 ms)

========================================================================
Received Import Request.
  Time since last request: 298.360510 seconds.
  path: Assets/script/GameManager.cs
  artifactKey: Guid(625b26d1b2aead944916ab8b9a229fa2) Importer(815301076,1909f56bfc062723c751e8b465ee728b)
Start importing Assets/script/GameManager.cs using Guid(625b26d1b2aead944916ab8b9a229fa2) Importer(815301076,1909f56bfc062723c751e8b465ee728b)  -> (artifact id: 'c6be96927b12fbcc7e6de14f0ba1845e') in 0.005996 seconds
  Import took 0.038044 seconds .

========================================================================
Received Import Request.
  Time since last request: 75.544538 seconds.
  path: Assets/script/wall.cs
  artifactKey: Guid(8e029b07229b3d842985869929836476) Importer(815301076,1909f56bfc062723c751e8b465ee728b)
Start importing Assets/script/wall.cs using Guid(8e029b07229b3d842985869929836476) Importer(815301076,1909f56bfc062723c751e8b465ee728b)  -> (artifact id: '3421b325930b9c412aed3c92261ccc7a') in 0.014984 seconds
  Import took 0.025166 seconds .

========================================================================
Received Prepare
Registering precompiled user dll's ...
Registered in 0.001528 seconds.
Begin MonoManager ReloadAssembly
Native extension for WindowsStandalone target not found
Refreshing native plugins compatible for Editor in 0.80 ms, found 1 plugins.
Preloading 0 native plugins for Editor in 0.00 ms.
Invoked RoslynAnalysisRunner static constructor.
RoslynAnalysisRunner will not be running.
RoslynAnalysisRunner has terminated.
Mono: successfully reloaded assembly
- Completed reload, in  2.012 seconds
Platform modules already initialized, skipping
Refreshing native plugins compatible for Editor in 0.70 ms, found 1 plugins.
Preloading 0 native plugins for Editor in 0.00 ms.
Unloading 1806 Unused Serialized files (Serialized files now loaded: 0)
System memory in use before: 87.9 MB.
System memory in use after: 87.9 MB.

Unloading 12 unused Assets to reduce memory usage. Loaded Objects now: 2333.
Total: 2.552400 ms (FindLiveObjects: 0.211700 ms CreateObjectMapping: 0.084300 ms MarkObjects: 2.090200 ms  DeleteObjects: 0.164200 ms)

========================================================================
Received Prepare
Registering precompiled user dll's ...
Registered in 0.001568 seconds.
Begin MonoManager ReloadAssembly
Native extension for WindowsStandalone target not found
Refreshing native plugins compatible for Editor in 0.48 ms, found 1 plugins.
Preloading 0 native plugins for Editor in 0.00 ms.
Invoked RoslynAnalysisRunner static constructor.
RoslynAnalysisRunner will not be running.
RoslynAnalysisRunner has terminated.
Mono: successfully reloaded assembly
- Completed reload, in  1.268 seconds
Platform modules already initialized, skipping
Refreshing native plugins compatible for Editor in 0.82 ms, found 1 plugins.
Preloading 0 native plugins for Editor in 0.00 ms.
Unloading 1806 Unused Serialized files (Serialized files now loaded: 0)
System memory in use before: 87.9 MB.
System memory in use after: 87.9 MB.

Unloading 12 unused Assets to reduce memory usage. Loaded Objects now: 2337.
Total: 3.766000 ms (FindLiveObjects: 0.463400 ms CreateObjectMapping: 0.105400 ms MarkObjects: 3.025700 ms  DeleteObjects: 0.169000 ms)

========================================================================
Received Prepare
Registering precompiled user dll's ...
Registered in 0.022709 seconds.
Begin MonoManager ReloadAssembly
Native extension for WindowsStandalone target not found
Refreshing native plugins compatible for Editor in 0.46 ms, found 1 plugins.
Preloading 0 native plugins for Editor in 0.00 ms.
Invoked RoslynAnalysisRunner static constructor.
RoslynAnalysisRunner will not be running.
RoslynAnalysisRunner has terminated.
Mono: successfully reloaded assembly
- Completed reload, in  1.357 seconds
Platform modules already initialized, skipping
Refreshing native plugins compatible for Editor in 0.78 ms, found 1 plugins.
Preloading 0 native plugins for Editor in 0.00 ms.
Unloading 1806 Unused Serialized files (Serialized files now loaded: 0)
System memory in use before: 87.9 MB.
System memory in use after: 87.9 MB.

Unloading 12 unused Assets to reduce memory usage. Loaded Objects now: 2341.
Total: 3.356800 ms (FindLiveObjects: 0.338400 ms CreateObjectMapping: 0.203500 ms MarkObjects: 2.573400 ms  DeleteObjects: 0.239000 ms)

========================================================================
Received Import Request.
  Time since last request: 481.474894 seconds.
  path: Assets/script/wall.cs
  artifactKey: Guid(8e029b07229b3d842985869929836476) Importer(815301076,1909f56bfc062723c751e8b465ee728b)
Start importing Assets/script/wall.cs using Guid(8e029b07229b3d842985869929836476) Importer(815301076,1909f56bfc062723c751e8b465ee728b)  -> (artifact id: '05ebca743a663ac7a525290557ba2bc1') in 0.006052 seconds
  Import took 0.029562 seconds .

========================================================================
Received Prepare
Registering precompiled user dll's ...
Registered in 0.001685 seconds.
Begin MonoManager ReloadAssembly
Native extension for WindowsStandalone target not found
Refreshing native plugins compatible for Editor in 2.58 ms, found 1 plugins.
Preloading 0 native plugins for Editor in 0.00 ms.
Invoked RoslynAnalysisRunner static constructor.
RoslynAnalysisRunner will not be running.
RoslynAnalysisRunner has terminated.
Mono: successfully reloaded assembly
- Completed reload, in  1.963 seconds
Platform modules already initialized, skipping
Refreshing native plugins compatible for Editor in 0.74 ms, found 1 plugins.
Preloading 0 native plugins for Editor in 0.00 ms.
Unloading 1806 Unused Serialized files (Serialized files now loaded: 0)
System memory in use before: 88.0 MB.
System memory in use after: 87.9 MB.

Unloading 12 unused Assets to reduce memory usage. Loaded Objects now: 2345.
Total: 2.790700 ms (FindLiveObjects: 0.395500 ms CreateObjectMapping: 0.103300 ms MarkObjects: 2.115400 ms  DeleteObjects: 0.174300 ms)

========================================================================
Received Prepare
Registering precompiled user dll's ...
Registered in 0.003328 seconds.
Begin MonoManager ReloadAssembly
Native extension for WindowsStandalone target not found
Refreshing native plugins compatible for Editor in 0.47 ms, found 1 plugins.
Preloading 0 native plugins for Editor in 0.00 ms.
Invoked RoslynAnalysisRunner static constructor.
RoslynAnalysisRunner will not be running.
RoslynAnalysisRunner has terminated.
Mono: successfully reloaded assembly
- Completed reload, in  1.668 seconds
Platform modules already initialized, skipping
Refreshing native plugins compatible for Editor in 2.90 ms, found 1 plugins.
Preloading 0 native plugins for Editor in 0.00 ms.
Unloading 1806 Unused Serialized files (Serialized files now loaded: 0)
System memory in use before: 88.0 MB.
System memory in use after: 88.0 MB.

Unloading 12 unused Assets to reduce memory usage. Loaded Objects now: 2349.
Total: 3.958400 ms (FindLiveObjects: 0.215300 ms CreateObjectMapping: 0.083700 ms MarkObjects: 3.408300 ms  DeleteObjects: 0.249200 ms)

========================================================================
Received Prepare
Registering precompiled user dll's ...
Registered in 0.001029 seconds.
Begin MonoManager ReloadAssembly
Native extension for WindowsStandalone target not found
Refreshing native plugins compatible for Editor in 0.47 ms, found 1 plugins.
Preloading 0 native plugins for Editor in 0.00 ms.
Invoked RoslynAnalysisRunner static constructor.
RoslynAnalysisRunner will not be running.
RoslynAnalysisRunner has terminated.
Mono: successfully reloaded assembly
- Completed reload, in  1.396 seconds
Platform modules already initialized, skipping
Refreshing native plugins compatible for Editor in 0.85 ms, found 1 plugins.
Preloading 0 native plugins for Editor in 0.00 ms.
Unloading 1806 Unused Serialized files (Serialized files now loaded: 0)
System memory in use before: 88.0 MB.
System memory in use after: 88.0 MB.

Unloading 12 unused Assets to reduce memory usage. Loaded Objects now: 2353.
Total: 2.823200 ms (FindLiveObjects: 0.381300 ms CreateObjectMapping: 0.100700 ms MarkObjects: 2.166500 ms  DeleteObjects: 0.172300 ms)

========================================================================
Received Prepare
Registering precompiled user dll's ...
Registered in 0.001209 seconds.
Begin MonoManager ReloadAssembly
Native extension for WindowsStandalone target not found
Refreshing native plugins compatible for Editor in 0.60 ms, found 1 plugins.
Preloading 0 native plugins for Editor in 0.00 ms.
Invoked RoslynAnalysisRunner static constructor.
RoslynAnalysisRunner will not be running.
RoslynAnalysisRunner has terminated.
Mono: successfully reloaded assembly
- Completed reload, in  1.431 seconds
Platform modules already initialized, skipping
Refreshing native plugins compatible for Editor in 1.21 ms, found 1 plugins.
Preloading 0 native plugins for Editor in 0.00 ms.
Unloading 1806 Unused Serialized files (Serialized files now loaded: 0)
System memory in use before: 88.0 MB.
System memory in use after: 88.0 MB.

Unloading 12 unused Assets to reduce memory usage. Loaded Objects now: 2357.
Total: 2.981400 ms (FindLiveObjects: 0.355000 ms CreateObjectMapping: 0.100200 ms MarkObjects: 2.325000 ms  DeleteObjects: 0.198800 ms)

========================================================================
Received Prepare
Registering precompiled user dll's ...
Registered in 0.001481 seconds.
Begin MonoManager ReloadAssembly
Native extension for WindowsStandalone target not found
Refreshing native plugins compatible for Editor in 0.48 ms, found 1 plugins.
Preloading 0 native plugins for Editor in 0.00 ms.
Invoked RoslynAnalysisRunner static constructor.
RoslynAnalysisRunner will not be running.
RoslynAnalysisRunner has terminated.
Mono: successfully reloaded assembly
- Completed reload, in  1.467 seconds
Platform modules already initialized, skipping
Refreshing native plugins compatible for Editor in 2.42 ms, found 1 plugins.
Preloading 0 native plugins for Editor in 0.00 ms.
Unloading 1806 Unused Serialized files (Serialized files now loaded: 0)
System memory in use before: 88.0 MB.
System memory in use after: 88.0 MB.

Unloading 12 unused Assets to reduce memory usage. Loaded Objects now: 2361.
Total: 2.617000 ms (FindLiveObjects: 0.223000 ms CreateObjectMapping: 0.102600 ms MarkObjects: 2.117300 ms  DeleteObjects: 0.172100 ms)

========================================================================
Received Prepare
Registering precompiled user dll's ...
Registered in 0.001186 seconds.
Begin MonoManager ReloadAssembly
Native extension for WindowsStandalone target not found
Refreshing native plugins compatible for Editor in 0.47 ms, found 1 plugins.
Preloading 0 native plugins for Editor in 0.00 ms.
Invoked RoslynAnalysisRunner static constructor.
RoslynAnalysisRunner will not be running.
RoslynAnalysisRunner has terminated.
Mono: successfully reloaded assembly
- Completed reload, in  1.378 seconds
Platform modules already initialized, skipping
Refreshing native plugins compatible for Editor in 2.20 ms, found 1 plugins.
Preloading 0 native plugins for Editor in 0.00 ms.
Unloading 1806 Unused Serialized files (Serialized files now loaded: 0)
System memory in use before: 88.0 MB.
System memory in use after: 88.0 MB.

Unloading 12 unused Assets to reduce memory usage. Loaded Objects now: 2365.
Total: 3.095300 ms (FindLiveObjects: 0.220900 ms CreateObjectMapping: 0.085100 ms MarkObjects: 2.608500 ms  DeleteObjects: 0.178900 ms)

========================================================================
Received Prepare
Registering precompiled user dll's ...
Registered in 0.001011 seconds.
Begin MonoManager ReloadAssembly
Native extension for WindowsStandalone target not found
Refreshing native plugins compatible for Editor in 0.45 ms, found 1 plugins.
Preloading 0 native plugins for Editor in 0.00 ms.
Invoked RoslynAnalysisRunner static constructor.
RoslynAnalysisRunner will not be running.
RoslynAnalysisRunner has terminated.
Mono: successfully reloaded assembly
- Completed reload, in  1.396 seconds
Platform modules already initialized, skipping
Refreshing native plugins compatible for Editor in 0.99 ms, found 1 plugins.
Preloading 0 native plugins for Editor in 0.00 ms.
Unloading 1806 Unused Serialized files (Serialized files now loaded: 0)
System memory in use before: 88.0 MB.
System memory in use after: 88.0 MB.

Unloading 12 unused Assets to reduce memory usage. Loaded Objects now: 2369.
Total: 2.772400 ms (FindLiveObjects: 0.363900 ms CreateObjectMapping: 0.106700 ms MarkObjects: 2.130600 ms  DeleteObjects: 0.168900 ms)

AssetImportWorkerClient::OnTransportError - code=2 error=End of file
